[debug] [2025-03-23T06:47:32.596Z] ----------------------------------------------------------------------
[debug] [2025-03-23T06:47:32.601Z] Command:       /usr/local/bin/node /usr/local/bin/firebase functions:log
[debug] [2025-03-23T06:47:32.601Z] CLI Version:   13.34.0
[debug] [2025-03-23T06:47:32.602Z] Platform:      darwin
[debug] [2025-03-23T06:47:32.602Z] Node Version:  v22.14.0
[debug] [2025-03-23T06:47:32.602Z] Time:          Sun Mar 23 2025 14:47:32 GMT+0800 (Central Indonesia Time)
[debug] [2025-03-23T06:47:32.602Z] ----------------------------------------------------------------------
[debug] 
[debug] [2025-03-23T06:47:32.702Z] > command requires scopes: ["email","openid","https://www.googleapis.com/auth/cloudplatformprojects.readonly","https://www.googleapis.com/auth/firebase","https://www.googleapis.com/auth/cloud-platform"]
[debug] [2025-03-23T06:47:32.702Z] > authorizing via signed-in user (akapulko1983@gmail.com)
[debug] [2025-03-23T06:47:32.703Z] [iam] checking project bali-estate-1130f for permissions ["firebase.projects.get","logging.logEntries.list","logging.logs.list"]
[debug] [2025-03-23T06:47:32.703Z] Checked if tokens are valid: true, expires at: 1742714592881
[debug] [2025-03-23T06:47:32.703Z] Checked if tokens are valid: true, expires at: 1742714592881
[debug] [2025-03-23T06:47:32.704Z] >>> [apiv2][query] POST https://cloudresourcemanager.googleapis.com/v1/projects/bali-estate-1130f:testIamPermissions [none]
[debug] [2025-03-23T06:47:32.704Z] >>> [apiv2][(partial)header] POST https://cloudresourcemanager.googleapis.com/v1/projects/bali-estate-1130f:testIamPermissions x-goog-quota-user=projects/bali-estate-1130f
[debug] [2025-03-23T06:47:32.704Z] >>> [apiv2][body] POST https://cloudresourcemanager.googleapis.com/v1/projects/bali-estate-1130f:testIamPermissions {"permissions":["firebase.projects.get","logging.logEntries.list","logging.logs.list"]}
[debug] [2025-03-23T06:47:42.807Z] *** [apiv2] error from fetch(https://cloudresourcemanager.googleapis.com/v1/projects/bali-estate-1130f:testIamPermissions, {"headers":{},"method":"POST","body":"{\"permissions\":[\"firebase.projects.get\",\"logging.logEntries.list\",\"logging.logs.list\"]}"}): FetchError: request to https://cloudresourcemanager.googleapis.com/v1/projects/bali-estate-1130f:testIamPermissions failed, reason: getaddrinfo ENOTFOUND cloudresourcemanager.googleapis.com
[debug] [2025-03-23T06:47:42.807Z] [iam] error while checking permissions, command may fail: Failed to make request to https://cloudresourcemanager.googleapis.com/v1/projects/bali-estate-1130f:testIamPermissions
[debug] [2025-03-23T06:47:42.808Z] Checked if tokens are valid: true, expires at: 1742714592881
[debug] [2025-03-23T06:47:42.808Z] Checked if tokens are valid: true, expires at: 1742714592881
[debug] [2025-03-23T06:47:42.808Z] >>> [apiv2][query] POST https://logging.googleapis.com/v2/entries:list [none]
[debug] [2025-03-23T06:47:42.808Z] >>> [apiv2][body] POST https://logging.googleapis.com/v2/entries:list {"resourceNames":["projects/bali-estate-1130f"],"filter":"resource.type=\"cloud_function\" OR (resource.type=\"cloud_run_revision\" AND labels.\"goog-managed-by\"=\"cloudfunctions\")","orderBy":"timestamp desc","pageSize":35}
[debug] [2025-03-23T06:47:52.895Z] *** [apiv2] error from fetch(https://logging.googleapis.com/v2/entries:list, {"headers":{},"method":"POST","body":"{\"resourceNames\":[\"projects/bali-estate-1130f\"],\"filter\":\"resource.type=\\\"cloud_function\\\" OR (resource.type=\\\"cloud_run_revision\\\" AND labels.\\\"goog-managed-by\\\"=\\\"cloudfunctions\\\")\",\"orderBy\":\"timestamp desc\",\"pageSize\":35}"}): FetchError: request to https://logging.googleapis.com/v2/entries:list failed, reason: getaddrinfo ENOTFOUND logging.googleapis.com
[debug] [2025-03-23T06:47:57.904Z] Error: Timed out.
    at Timeout._onTimeout (/usr/local/lib/node_modules/firebase-tools/lib/utils.js:269:49)
    at listOnTimeout (node:internal/timers:594:17)
    at process.processTimers (node:internal/timers:529:7)
[error] 
[error] Error: An unexpected error has occurred.
